app/seeds.txt
xianglesong.com.twandroid.R$anim: int abc_fade_in
xianglesong.com.twandroid.R$anim: int abc_fade_out
xianglesong.com.twandroid.R$anim: int abc_grow_fade_in_from_bottom
xianglesong.com.twandroid.R$anim: int abc_popup_enter
xianglesong.com.twandroid.R$anim: int abc_popup_exit
xianglesong.com.twandroid.R$anim: int abc_shrink_fade_out_from_bottom
xianglesong.com.twandroid.R$anim: int abc_slide_in_bottom
xianglesong.com.twandroid.R$anim: int abc_slide_in_top
xianglesong.com.twandroid.R$anim: int abc_slide_out_bottom
xianglesong.com.twandroid.R$anim: int abc_slide_out_top
xianglesong.com.twandroid.R$anim: int fade_in
xianglesong.com.twandroid.R$anim: int fade_out
xianglesong.com.twandroid.R$anim: int slide_in_from_left
xianglesong.com.twandroid.R$anim: int slide_in_from_right
xianglesong.com.twandroid.R$anim: int slide_in_left
xianglesong.com.twandroid.R$anim: int slide_in_right
xianglesong.com.twandroid.R$anim: int slide_left_in
xianglesong.com.twandroid.R$anim: int slide_left_out
xianglesong.com.twandroid.R$anim: int slide_out_left
xianglesong.com.twandroid.R$anim: int slide_out_right
xianglesong.com.twandroid.R$anim: int slide_out_to_left
xianglesong.com.twandroid.R$anim: int slide_out_to_right
xianglesong.com.twandroid.R$anim: int slide_right_out
xianglesong.com.twandroid.R$array: int country_codes
xianglesong.com.twandroid.R$array: int preferences_front_light_options
xianglesong.com.twandroid.R$array: int preferences_front_light_values
xianglesong.com.twandroid.R$attr: int actionBarDivider
xianglesong.com.twandroid.R$attr: int actionBarItemBackground
xianglesong.com.twandroid.R$attr: int actionBarPopupTheme
xianglesong.com.twandroid.R$attr: int actionBarSize
xianglesong.com.twandroid.R$attr: int actionBarSplitStyle
xianglesong.com.twandroid.R$attr: int actionBarStyle
xianglesong.com.twandroid.R$attr: int actionBarTabBarStyle
xianglesong.com.twandroid.R$attr: int actionBarTabStyle
xianglesong.com.twandroid.R$attr: int actionBarTabTextStyle
xianglesong.com.twandroid.R$attr: int actionBarTheme
xianglesong.com.twandroid.R$attr: int actionBarWidgetTheme
xianglesong.com.twandroid.R$attr: int actionButtonStyle
xianglesong.com.twandroid.R$attr: int actionDropDownStyle
xianglesong.com.twandroid.R$attr: int actionLayout
xianglesong.com.twandroid.R$attr: int actionMenuTextAppearance
xianglesong.com.twandroid.R$attr: int actionMenuTextColor
xianglesong.com.twandroid.R$attr: int actionModeBackground
xianglesong.com.twandroid.R$attr: int actionModeCloseButtonStyle
xianglesong.com.twandroid.R$attr: int actionModeCloseDrawable
xianglesong.com.twandroid.R$attr: int actionModeCopyDrawable
xianglesong.com.twandroid.R$attr: int actionModeCutDrawable
xianglesong.com.twandroid.R$attr: int actionModeFindDrawable
xianglesong.com.twandroid.R$attr: int actionModePasteDrawable
xianglesong.com.twandroid.R$attr: int actionModePopupWindowStyle
xianglesong.com.twandroid.R$attr: int actionModeSelectAllDrawable
xianglesong.com.twandroid.R$bool: int abc_action_bar_embed_tabs
xianglesong.com.twandroid.R$bool: int abc_action_bar_embed_tabs_pre_jb
xianglesong.com.twandroid.R$bool: int abc_action_bar_expanded_action_views_exclusive
xianglesong.com.twandroid.R$bool: int abc_config_actionMenuItemAllCaps
xianglesong.com.twandroid.R$bool: int abc_config_allowActionMenuItemTextWithIcon
xianglesong.com.twandroid.R$bool: int abc_config_closeDialogWhenTouchOutside
xianglesong.com.twandroid.R$bool: int abc_config_showMenuShortcutsWhenKeyboardPresent
...
com.tencent.mm.sdk.modelbase.BaseReq
com.tencent.mm.sdk.modelbase.BaseReq: java.lang.String transaction
com.tencent.mm.sdk.modelbase.BaseReq: java.lang.String openId
com.tencent.mm.sdk.modelbase.BaseReq: BaseReq()
com.tencent.mm.sdk.modelbase.BaseReq: int getType()
com.tencent.mm.sdk.modelbase.BaseReq: void toBundle(android.os.Bundle)
com.tencent.mm.sdk.modelbase.BaseReq: void fromBundle(android.os.Bundle)
com.tencent.mm.sdk.modelbase.BaseReq: boolean checkArgs()
com.tencent.mm.sdk.modelbase.BaseResp
com.tencent.mm.sdk.modelbase.BaseResp: int errCode
com.tencent.mm.sdk.modelbase.BaseResp: java.lang.String errStr
com.tencent.mm.sdk.modelbase.BaseResp: java.lang.String transaction
com.tencent.mm.sdk.modelbase.BaseResp: java.lang.String openId
com.tencent.mm.sdk.modelbase.BaseResp: BaseResp()
com.tencent.mm.sdk.modelbase.BaseResp: int getType()
com.tencent.mm.sdk.modelbase.BaseResp: void toBundle(android.os.Bundle)
com.tencent.mm.sdk.modelbase.BaseResp: void fromBundle(android.os.Bundle)
com.tencent.mm.sdk.modelbase.BaseResp: boolean checkArgs()
com.tencent.mm.sdk.modelbase.BaseResp$ErrCode
com.tencent.mm.sdk.modelbase.BaseResp$ErrCode: int ERR_OK
com.tencent.mm.sdk.modelbase.BaseResp$ErrCode: int ERR_COMM
com.tencent.mm.sdk.modelbase.BaseResp$ErrCode: int ERR_USER_CANCEL
com.tencent.mm.sdk.modelbase.BaseResp$ErrCode: int ERR_SENT_FAILED
com.tencent.mm.sdk.modelbase.BaseResp$ErrCode: int ERR_AUTH_DENIED
com.tencent.mm.sdk.modelbase.BaseResp$ErrCode: int ERR_UNSUPPORT
com.tencent.mm.sdk.modelbiz.AddCardToWXCardPackage
com.tencent.mm.sdk.modelbiz.AddCardToWXCardPackage: AddCardToWXCardPackage()
com.tencent.mm.sdk.modelbiz.AddCardToWXCardPackage$Req
com.tencent.mm.sdk.modelbiz.AddCardToWXCardPackage$Req: java.util.List cardArrary
com.tencent.mm.sdk.modelbiz.AddCardToWXCardPackage$Req: AddCardToWXCardPackage$Req()
com.tencent.mm.sdk.modelbiz.AddCardToWXCardPackage$Req: int getType()
com.tencent.mm.sdk.modelbiz.AddCardToWXCardPackage$Req: boolean checkArgs()
com.tencent.mm.sdk.modelbiz.AddCardToWXCardPackage$Req: void toBundle(android.os.Bundle)
com.tencent.mm.sdk.modelbiz.AddCardToWXCardPackage$Resp
com.tencent.mm.sdk.modelbiz.AddCardToWXCardPackage$Resp: java.util.List cardArrary
com.tencent.mm.sdk.modelbiz.AddCardToWXCardPackage$Resp: AddCardToWXCardPackage$Resp()
com.tencent.mm.sdk.modelbiz.AddCardToWXCardPackage$Resp: AddCardToWXCardPackage$Resp(android.os.Bundle)
com.tencent.mm.sdk.modelbiz.AddCardToWXCardPackage$Resp: int getType()
com.tencent.mm.sdk.modelbiz.AddCardToWXCardPackage$Resp: boolean checkArgs()
com.tencent.mm.sdk.modelbiz.AddCardToWXCardPackage$Resp: void toBundle(android.os.Bundle)
com.tencent.mm.sdk.modelbiz.AddCardToWXCardPackage$Resp: void fromBundle(android.os.Bundle)
com.tencent.mm.sdk.modelbiz.AddCardToWXCardPackage$WXCardItem
com.tencent.mm.sdk.modelbiz.AddCardToWXCardPackage$WXCardItem: java.lang.String cardId
com.tencent.mm.sdk.modelbiz.AddCardToWXCardPackage$WXCardItem: java.lang.String cardExtMsg
com.tencent.mm.sdk.modelbiz.AddCardToWXCardPackage$WXCardItem: int cardState
com.tencent.mm.sdk.modelbiz.AddCardToWXCardPackage$WXCardItem: AddCardToWXCardPackage$WXCardItem()
com.tencent.mm.sdk.modelbiz.JumpToBizProfile
com.tencent.mm.sdk.modelbiz.JumpToBizProfile: int JUMP_TO_NORMAL_BIZ_PROFILE
com.tencent.mm.sdk.modelbiz.JumpToBizProfile: int JUMP_TO_HARD_WARE_BIZ_PROFILE
com.tencent.mm.sdk.modelbiz.JumpToBizProfile: JumpToBizProfile()