app/mapping.txt
xianglesong.com.twandroid.TWApplication -> xianglesong.com.twandroid.TWApplication:
    android.content.Context applicationContext -> a
    xianglesong.com.twandroid.TWApplication instance -> b
    java.lang.String value -> c
    void <init>() -> <init>
    java.lang.String getDeviceInfo(android.content.Context) -> a
    void initImageLoader(android.content.Context) -> b
    void onCreate() -> onCreate
    void setValue(java.lang.String) -> a
    void onTerminate() -> onTerminate
xianglesong.com.twandroid.acitvity.AboutActivity -> xianglesong.com.twandroid.acitvity.AboutActivity:
    android.widget.TextView tv_version -> a
    android.widget.RelativeLayout relayout -> b
    void <init>() -> <init>
    void onCreate(android.os.Bundle) -> onCreate
    void questions(android.view.View) -> questions
    void feedback(android.view.View) -> feedback
    void bussiness(android.view.View) -> bussiness
    void back(android.view.View) -> back
    void onResume() -> onResume
    void onPause() -> onPause
xianglesong.com.twandroid.acitvity.AboutActivity$1 -> xianglesong.com.twandroid.acitvity.a:
    long[] clickTimes -> a
    xianglesong.com.twandroid.acitvity.AboutActivity this$0 -> b
    void <init>(xianglesong.com.twandroid.acitvity.AboutActivity) -> <init>
    void onClick(android.view.View) -> onClick
xianglesong.com.twandroid.acitvity.BaseActivity -> xianglesong.com.twandroid.acitvity.BaseActivity:
    void <init>() -> <init>
    void onResume() -> onResume
    void onPause() -> onPause
xianglesong.com.twandroid.acitvity.IndexActivity -> xianglesong.com.twandroid.acitvity.IndexActivity:
    xianglesong.com.twandroid.fragments.FragmentTuijian tuijianfragment -> n
    xianglesong.com.twandroid.fragments.FragmentProfile profilefragment -> o
    xianglesong.com.twandroid.fragments.FragmentSearch searchfragment -> p
    android.widget.ImageView iv_add -> q
    int index -> r
    int currentTabIndex -> s
    android.support.v4.app.Fragment[] fragments -> t
    long exitTime -> u
    android.widget.ImageView[] imagebuttons -> v
    android.widget.TextView[] textviews -> w
    android.widget.TextView searchTextView -> x
    android.widget.RelativeLayout re_tuijian -> y
    android.os.Handler mHandler -> z
    void <init>() -> <init>
    void onCreate(android.os.Bundle) -> onCreate
    void onNewIntent(android.content.Intent) -> onNewIntent
    void onActivityResult(int,int,android.content.Intent) -> onActivityResult
    void initView() -> h
    void onTabClicked(android.view.View) -> onTabClicked
    void searchText(android.view.View) -> searchText
    boolean onKeyDown(int,android.view.KeyEvent) -> onKeyDown
    void onResume() -> onResume
    void onPause() -> onPause
    void about(android.view.View) -> about
    void settings(android.view.View) -> settings
    void mall(android.view.View) -> mall
    void weidian(android.view.View) -> weidian
    void wxLogIn(android.view.View) -> wxLogIn
    void wxLogOut(android.view.View) -> wxLogOut
xianglesong.com.twandroid.acitvity.IndexActivity$1 -> xianglesong.com.twandroid.acitvity.b:
    xianglesong.com.twandroid.acitvity.IndexActivity this$0 -> a
    void <init>(xianglesong.com.twandroid.acitvity.IndexActivity) -> <init>
    void handleMessage(android.os.Message) -> handleMessage
xianglesong.com.twandroid.acitvity.IndexActivity$2 -> xianglesong.com.twandroid.acitvity.c:
    xianglesong.com.twandroid.acitvity.IndexActivity this$0 -> a
    void <init>(xianglesong.com.twandroid.acitvity.IndexActivity) -> <init>
    void onClick(android.view.View) -> onClick
xianglesong.com.twandroid.acitvity.IndexActivity$3 -> xianglesong.com.twandroid.acitvity.d:
    android.os.Bundle val$b -> a
    xianglesong.com.twandroid.acitvity.IndexActivity this$0 -> b
    void <init>(xianglesong.com.twandroid.acitvity.IndexActivity,android.os.Bundle) -> <init>
    void run() -> run
...
android.support.v4.media.MediaDescriptionCompat$1 -> android.support.v4.media.a:
    void <init>() -> <init>
    android.support.v4.media.MediaDescriptionCompat createFromParcel(android.os.Parcel) -> a
    android.support.v4.media.MediaDescriptionCompat[] newArray(int) -> a
    java.lang.Object[] newArray(int) -> newArray
    java.lang.Object createFromParcel(android.os.Parcel) -> createFromParcel
android.support.v4.media.MediaDescriptionCompat$Builder -> android.support.v4.media.b:
    java.lang.String mMediaId -> a
    java.lang.CharSequence mTitle -> b
    java.lang.CharSequence mSubtitle -> c
    java.lang.CharSequence mDescription -> d
    android.graphics.Bitmap mIcon -> e
    android.net.Uri mIconUri -> f
    android.os.Bundle mExtras -> g
    void <init>() -> <init>
    android.support.v4.media.MediaDescriptionCompat$Builder setMediaId(java.lang.String) -> a
    android.support.v4.media.MediaDescriptionCompat$Builder setTitle(java.lang.CharSequence) -> a
    android.support.v4.media.MediaDescriptionCompat$Builder setSubtitle(java.lang.CharSequence) -> b
    android.support.v4.media.MediaDescriptionCompat$Builder setDescription(java.lang.CharSequence) -> c
    android.support.v4.media.MediaDescriptionCompat$Builder setIconBitmap(android.graphics.Bitmap) -> a
    android.support.v4.media.MediaDescriptionCompat$Builder setIconUri(android.net.Uri) -> a
    android.support.v4.media.MediaDescriptionCompat$Builder setExtras(android.os.Bundle) -> a
    android.support.v4.media.MediaDescriptionCompat build() -> a
android.support.v4.media.MediaDescriptionCompatApi21 -> android.support.v4.media.c:
    java.lang.String getMediaId(java.lang.Object) -> a
    java.lang.CharSequence getTitle(java.lang.Object) -> b
    java.lang.CharSequence getSubtitle(java.lang.Object) -> c
    java.lang.CharSequence getDescription(java.lang.Object) -> d
    android.graphics.Bitmap getIconBitmap(java.lang.Object) -> e
    android.net.Uri getIconUri(java.lang.Object) -> f
    android.os.Bundle getExtras(java.lang.Object) -> g
    void writeToParcel(java.lang.Object,android.os.Parcel,int) -> a
    java.lang.Object fromParcel(android.os.Parcel) -> a
android.support.v4.media.MediaDescriptionCompatApi21$Builder -> android.support.v4.media.d:
    java.lang.Object newInstance() -> a
    void setMediaId(java.lang.Object,java.lang.String) -> a
    void setTitle(java.lang.Object,java.lang.CharSequence) -> a
    void setSubtitle(java.lang.Object,java.lang.CharSequence) -> b
    void setDescription(java.lang.Object,java.lang.CharSequence) -> c
    void setIconBitmap(java.lang.Object,android.graphics.Bitmap) -> a
    void setIconUri(java.lang.Object,android.net.Uri) -> a
    void setExtras(java.lang.Object,android.os.Bundle) -> a
    java.lang.Object build(java.lang.Object) -> a
android.support.v4.media.MediaMetadataCompat -> android.support.v4.media.MediaMetadataCompat:
    android.support.v4.util.ArrayMap METADATA_KEYS_TYPE -> a
    java.lang.String[] PREFERRED_DESCRIPTION_ORDER -> b
    java.lang.String[] PREFERRED_BITMAP_ORDER -> c
    java.lang.String[] PREFERRED_URI_ORDER -> d
    android.os.Bundle mBundle -> e
    android.os.Parcelable$Creator CREATOR -> CREATOR
    void <init>(android.os.Parcel) -> <init>
    int describeContents() -> describeContents
    void writeToParcel(android.os.Parcel,int) -> writeToParcel
    void <init>(android.os.Parcel,android.support.v4.media.MediaMetadataCompat$1) -> <init>
    void <clinit>() -> <clinit>
android.support.v4.media.MediaMetadataCompat$1 -> android.support.v4.media.e:
    void <init>() -> <init>
    android.support.v4.media.MediaMetadataCompat createFromParcel(android.os.Parcel) -> a
    android.support.v4.media.MediaMetadataCompat[] newArray(int) -> a
    java.lang.Object[] newArray(int) -> newArray
    java.lang.Object createFromParcel(android.os.Parcel) -> createFromParcel