app/unused.txt
xianglesong.com.twandroid.BuildConfig
xianglesong.com.twandroid.Manifest
xianglesong.com.twandroid.Manifest$permission
xianglesong.com.twandroid.R
xianglesong.com.twandroid.R$anim
xianglesong.com.twandroid.R$array
xianglesong.com.twandroid.R$attr
xianglesong.com.twandroid.R$bool
xianglesong.com.twandroid.R$color
xianglesong.com.twandroid.R$dimen
xianglesong.com.twandroid.R$drawable
xianglesong.com.twandroid.R$id
xianglesong.com.twandroid.R$integer
xianglesong.com.twandroid.R$layout
xianglesong.com.twandroid.R$mipmap
xianglesong.com.twandroid.R$raw
xianglesong.com.twandroid.R$string
xianglesong.com.twandroid.R$style
xianglesong.com.twandroid.R$styleable
xianglesong.com.twandroid.TWApplication:
    private static final java.lang.String VALUE
    private static final java.lang.String TAG
    private static android.content.Context context
    109:109:public java.lang.String getValue()
    123:123:public void logOut()
    127:127:public void logIn(java.lang.String,java.lang.String)
    130:130:public java.lang.String getUserId()
    135:135:public void setUserId(java.lang.String)
    138:138:public java.lang.String getUserPwd()
    143:143:public void setUserPwd(java.lang.String)
xianglesong.com.twandroid.acitvity.AboutActivity:
    private static final java.lang.String TAG
xianglesong.com.twandroid.acitvity.IndexActivity:
    private static final java.lang.String TAG
xianglesong.com.twandroid.acitvity.MallActivity:
    public static final java.lang.String TAG
xianglesong.com.twandroid.acitvity.SelectModeActivity:
    private static final java.lang.String TAG
xianglesong.com.twandroid.acitvity.SettingsActivity:
    private static final java.lang.String TAG
xianglesong.com.twandroid.acitvity.SplashActivity:
    private static final java.lang.String TAG
    private static final int DURATION
xianglesong.com.twandroid.acitvity.TwWebviewActivity:
    private static final java.lang.String TAG
xianglesong.com.twandroid.acitvity.WeidianActivity:
    public static final java.lang.String TAG
xianglesong.com.twandroid.acitvity.search.SearchActivity:
    private static final java.lang.String TAG
xianglesong.com.twandroid.acitvity.search.adapter.SearchAutoCompleteAdapter:
    26:28:public void refresh(java.util.List)
xianglesong.com.twandroid.acitvity.search.adapter.SearchResultsAdapter
xianglesong.com.twandroid.acitvity.search.adapter.SearchResultsAdapter$1
xianglesong.com.twandroid.acitvity.search.adapter.SearchResultsAdapter$ViewHolder
xianglesong.com.twandroid.acitvity.search.db.SearchHistoryDBHelp:
    public static final java.lang.String DB_NAME
    public static final java.lang.String HISTORY_TABLENAME
    public static final java.lang.String CREAT_HISTORY
    private static final int DB_VERSION
xianglesong.com.twandroid.acitvity.search.fragments.FragmentSearchAutoComplete:
    private static final java.lang.String TAG
    private static final java.lang.String SEARCH_PAGE_PREFIX
    private static final java.lang.String SEARCH_PAGE_SUFFIX
    private java.util.List mList
xianglesong.com.twandroid.acitvity.search.fragments.FragmentSearchHistory:
    private static final java.lang.String TAG
xianglesong.com.twandroid.acitvity.search.fragments.FragmentSearchResults:
    private static final java.lang.String TAG
    private static final java.lang.String UPDATE_URL
...
u.aly.ce
u.aly.cf:
    97:99:public java.lang.String a(u.aly.bw,java.lang.String)
    112:112:public java.lang.String b(u.aly.bw)
u.aly.cg
u.aly.cg$1
u.aly.cg$a
u.aly.cg$b
u.aly.cg$c
u.aly.cg$d
u.aly.ch
u.aly.cm
u.aly.co:
    protected static final int a
    protected static final int b
    85:86:public co(u.aly.dj)
    95:105:public void a(u.aly.ct)
    107:107:public void a()
    140:142:public void a(u.aly.cz)
    144:144:public void g()
    147:148:public void a(boolean)
    186:187:public void a(double)
    210:221:public u.aly.ct h()
    225:225:public void i()
u.aly.cp:
    private static final byte h
    private static final byte i
    private static final byte j
    private static final byte k
    private static final int l
    152:153:public cp(u.aly.dj)
    170:174:public void a(u.aly.ct)
    266:267:public void a(u.aly.cz)
    276:284:public void a(boolean)
    318:321:public void a(double)
    353:353:public void a()
    356:356:public void g()
    437:445:private void a(long,byte[],int)
    473:485:public u.aly.ct h()
    701:701:public void i()
u.aly.cp$b
u.aly.cq:
    46:46:public boolean a(u.aly.cq)
u.aly.ct
u.aly.cu
u.aly.cv:
    41:41:private cv()
    59:59:public u.aly.dj C()
    public abstract void a(u.aly.ct)
    public abstract void a()
    public abstract void a(u.aly.cz)
    public abstract void g()
    public abstract void a(boolean)
    public abstract void a(byte)
    public abstract void a(short)
    public abstract void a(double)
    public abstract u.aly.ct h()
    public abstract void i()
u.aly.cw:
    private static final long h
u.aly.cy:
    29:29:public cy()
    49:50:public static void a(int)
    171:194:public static u.aly.cx a(byte[],u.aly.cx)
u.aly.d:
    public static final java.lang.String a
    public static final java.lang.String b
    public static final java.lang.String c
    public static final int d
    public static final java.lang.String e
    public static final java.lang.String f
    11:11:public d()
    133:142:public static java.util.List b(java.util.List)
u.aly.d$a
u.aly.d$a$a
u.aly.d$a$b
u.aly.d$b
u.aly.d$b$a
u.aly.d$b$b
u.aly.d$c
u.aly.d$c$a
u.aly.d$c$b
u.aly.db:
    41:42:public db(u.aly.dj)
u.aly.db$a
u.aly.dc
u.aly.dh:
    36:54:public dh(java.io.InputStream)
    36:74:public dh(java.io.InputStream,java.io.OutputStream)
    83:83:public boolean a()
    89:89:public void b()
    95:111:public void c()
    150:158:public void d()
u.aly.di:
    30:32:public di(byte[])
    34:36:public di(byte[],int,int)
    53:53:public void c()
    57:57:public boolean a()
    61:61:public void b()
u.aly.dj:
    public abstract boolean a()
    42:42:public boolean i()
    public abstract void b()
    public abstract void c()
    125:125:public void d()
u.aly.dk:
    private static final long g
u.aly.dl
u.aly.g
u.aly.h:
    private static final long a
u.aly.i:
    private static final long a
u.aly.j
u.aly.k:
    private static final long a
u.aly.l:
    private static final long a
u.aly.m:
    private static final int i
    private static final int j
    103:103:public boolean a()
u.aly.m$b:
    40:40:private m$b()
u.aly.n$a:
    17:17:private n$a()
u.aly.o$a:
    28:28:private o$a()
u.aly.p:
    private static final long a
u.aly.q:
    public static final int a
    private static final int b
    private static final int c
    private static final int d
    14:14:public q()
u.aly.r:
    81:82:public void a(u.aly.bc)
u.aly.s:
    private static final java.lang.String a
u.aly.u:
    private static final java.lang.String a
u.aly.v:
    81:82:public void a(long)
    145:145:public java.lang.String c()
u.aly.v$a:
    253:254:public void c(java.lang.String)
u.aly.w:
    private static final java.lang.String a
u.aly.x:
    private static final java.lang.String a
    259:260:public boolean e()
u.aly.x$a:
    264:285:x$a(u.aly.be)
    316:319:public java.lang.String a(java.lang.String)
    342:345:public java.lang.String c(java.lang.String)
    355:358:public java.lang.String d(java.lang.String)